
############################################################
  Auto-Trading Bot — Starting at 2026-03-14 07:28:20 UTC
############################################################


>>> Strategy 1/3: MA_Crossover starting at 2026-03-14 07:28:20 UTC
[07:28:20] ==================================================
[07:28:20] Starting strategy: MA_Crossover
[07:28:20] ==================================================
[07:28:20] --- MA_Crossover | Iteration 1 ---
[07:28:21] Price: $70634.85 | Balance: $5000.00 | Strategy trades: 0/12 | Global trades: 2/40 | Position: none
[07:28:21]   MA20=70625.48 MA50=70585.95 (prev MA20=70623.58 MA50=70585.19)
[07:28:21] No signal.
[07:28:51] --- MA_Crossover | Iteration 2 ---
[07:28:52] Price: $70629.35 | Balance: $5000.00 | Strategy trades: 0/12 | Global trades: 2/40 | Position: none
[07:28:52]   MA20=70625.48 MA50=70585.95 (prev MA20=70623.58 MA50=70585.19)
[07:28:52] No signal.
[07:29:22] --- MA_Crossover | Iteration 3 ---
[07:29:22] Price: $70630.95 | Balance: $5000.00 | Strategy trades: 0/12 | Global trades: 2/40 | Position: none
[07:29:22]   MA20=70626.96 MA50=70588.78 (prev MA20=70625.48 MA50=70585.95)
[07:29:22] No signal.
[07:29:52] --- MA_Crossover | Iteration 4 ---
[07:29:53] Price: $70649.55 | Balance: $5000.00 | Strategy trades: 0/12 | Global trades: 2/40 | Position: none
[07:29:53]   MA20=70626.96 MA50=70588.78 (prev MA20=70625.48 MA50=70585.95)
[07:29:53] No signal.
[07:30:23] --- MA_Crossover | Iteration 5 ---
[07:30:24] Price: $70681.95 | Balance: $5000.00 | Strategy trades: 0/12 | Global trades: 2/40 | Position: none
[07:30:24]   MA20=70626.93 MA50=70591.77 (prev MA20=70626.96 MA50=70588.78)
[07:30:24] No signal.
[07:30:54] --- MA_Crossover | Iteration 6 ---
[07:30:55] Price: $70685.15 | Balance: $5000.00 | Strategy trades: 0/12 | Global trades: 2/40 | Position: none
[07:30:55]   MA20=70626.93 MA50=70591.77 (prev MA20=70626.96 MA50=70588.78)
[07:30:55] No signal.
[07:31:25] --- MA_Crossover | Iteration 7 ---
[07:31:26] Price: $70672.75 | Balance: $5000.00 | Strategy trades: 0/12 | Global trades: 2/40 | Position: none
[07:31:26]   MA20=70628.37 MA50=70596.65 (prev MA20=70626.93 MA50=70591.77)
[07:31:26] No signal.
[07:31:56] --- MA_Crossover | Iteration 8 ---
[07:31:57] Price: $70685.35 | Balance: $5000.00 | Strategy trades: 0/12 | Global trades: 2/40 | Position: none
[07:31:57]   MA20=70628.37 MA50=70596.65 (prev MA20=70626.93 MA50=70591.77)
[07:31:57] No signal.
[07:32:27] --- MA_Crossover | Iteration 9 ---
[07:32:27] Price: $70691.85 | Balance: $5000.00 | Strategy trades: 0/12 | Global trades: 2/40 | Position: none
[07:32:27]   MA20=70628.98 MA50=70602.57 (prev MA20=70628.37 MA50=70596.65)
[07:32:27] No signal.
[07:32:57] --- MA_Crossover | Iteration 10 ---
[07:32:58] Price: $70659.05 | Balance: $5000.00 | Strategy trades: 0/12 | Global trades: 2/40 | Position: none
[07:32:58]   MA20=70628.98 MA50=70602.57 (prev MA20=70628.37 MA50=70596.65)
[07:32:58] No signal.
[07:33:28] --- MA_Crossover | Iteration 11 ---
[07:33:29] Price: $70631.35 | Balance: $5000.00 | Strategy trades: 0/12 | Global trades: 2/40 | Position: none
[07:33:29]   MA20=70628.17 MA50=70608.04 (prev MA20=70628.98 MA50=70602.57)
[07:33:29] No signal.
[07:33:59] --- MA_Crossover | Iteration 12 ---
[07:34:00] Price: $70649.95 | Balance: $5000.00 | Strategy trades: 0/12 | Global trades: 2/40 | Position: none
[07:34:00]   MA20=70628.17 MA50=70608.04 (prev MA20=70628.98 MA50=70602.57)
[07:34:00] No signal.
[07:34:30] --- MA_Crossover | Iteration 13 ---
[07:34:31] Price: $70657.85 | Balance: $5000.00 | Strategy trades: 0/12 | Global trades: 2/40 | Position: none
[07:34:31]   MA20=70626.35 MA50=70612.29 (prev MA20=70628.17 MA50=70608.04)
[07:34:31] No signal.
[07:35:01] --- MA_Crossover | Iteration 14 ---
[07:35:02] Price: $70630.05 | Balance: $5000.00 | Strategy trades: 0/12 | Global trades: 2/40 | Position: none
[07:35:02]   MA20=70624.60 MA50=70616.53 (prev MA20=70626.35 MA50=70612.29)
[07:35:02] No signal.
[07:35:32] --- MA_Crossover | Iteration 15 ---
[07:35:33] Price: $70584.15 | Balance: $5000.00 | Strategy trades: 0/12 | Global trades: 2/40 | Position: none
[07:35:33]   MA20=70624.60 MA50=70616.53 (prev MA20=70626.35 MA50=70612.29)
[07:35:33] No signal.
[07:36:03] --- MA_Crossover | Iteration 16 ---
[07:36:04] Price: $70577.85 | Balance: $5000.00 | Strategy trades: 0/12 | Global trades: 2/40 | Position: none
[07:36:04]   MA20=70622.01 MA50=70619.10 (prev MA20=70624.60 MA50=70616.53)
[07:36:04] No signal.
[07:36:34] --- MA_Crossover | Iteration 17 ---
[07:36:36] Price: $70527.95 | Balance: $5000.00 | Strategy trades: 0/12 | Global trades: 2/40 | Position: none
[07:36:36]   MA20=70622.01 MA50=70619.10 (prev MA20=70624.60 MA50=70616.53)
[07:36:36] No signal.
[07:37:06] --- MA_Crossover | Iteration 18 ---
[07:37:07] Price: $70500.55 | Balance: $5000.00 | Strategy trades: 0/12 | Global trades: 2/40 | Position: none
[07:37:07]   MA20=70616.45 MA50=70619.26 (prev MA20=70622.01 MA50=70619.10)
[07:37:07]   Bearish MA crossover detected!
[07:37:07] Signal: short
[07:37:07] Opening short: size=0.007 BTC, TP=68385.53, SL=71558.06
[07:37:07] Trade opened: {'fills': [{'tradeId': 291112495106490368, 'orderId': 291112495106490368, 'side': 'SELL', 'positionSide': 'Short', 'price': 70500.5, 'quantity': 0.007, 'commission': 0.19740140000000003, 'realizedPnl': 0.0, 'tradeTime': 1773473827442}], 'order': None, 'totalQuantity': 0.007, 'avgPrice': 70500.5, 'totalCommission': 0.19740140000000003, 'totalRealizedPnl': 0.0}
[07:37:37] --- MA_Crossover | Iteration 19 ---
[07:37:38] Price: $70513.75 | Balance: $4506.17 | Strategy trades: 1/12 | Global trades: 3/40 | Position: short
[07:37:38]   MA20=70616.45 MA50=70619.26 (prev MA20=70622.01 MA50=70619.10)
[07:37:38]   Bearish MA crossover detected!
[07:37:38] No signal.
[07:38:08] --- MA_Crossover | Iteration 20 ---
[07:38:09] Price: $70513.85 | Balance: $4506.02 | Strategy trades: 1/12 | Global trades: 3/40 | Position: short
[07:38:09]   MA20=70610.61 MA50=70617.93 (prev MA20=70616.45 MA50=70619.26)
[07:38:09] No signal.
[07:38:39] --- MA_Crossover | Iteration 21 ---
[07:38:40] Price: $70543.75 | Balance: $4505.69 | Strategy trades: 1/12 | Global trades: 3/40 | Position: short
[07:38:40]   MA20=70610.61 MA50=70617.93 (prev MA20=70616.45 MA50=70619.26)
[07:38:40] No signal.
[07:39:10] --- MA_Crossover | Iteration 22 ---
[07:39:11] Price: $70540.65 | Balance: $4505.74 | Strategy trades: 1/12 | Global trades: 3/40 | Position: short
[07:39:11]   MA20=70604.35 MA50=70617.05 (prev MA20=70610.61 MA50=70617.93)
[07:39:11] No signal.
[07:39:41] --- MA_Crossover | Iteration 23 ---
[07:39:42] Price: $70552.65 | Balance: $4505.54 | Strategy trades: 1/12 | Global trades: 3/40 | Position: short
[07:39:42]   MA20=70604.35 MA50=70617.05 (prev MA20=70610.61 MA50=70617.93)
[07:39:42] No signal.
[07:40:12] --- MA_Crossover | Iteration 24 ---
[07:40:12] Price: $70522.75 | Balance: $4505.89 | Strategy trades: 1/12 | Global trades: 3/40 | Position: short
[07:40:12]   MA20=70600.02 MA50=70616.13 (prev MA20=70604.35 MA50=70617.05)
[07:40:12] No signal.
[07:40:42] --- MA_Crossover | Iteration 25 ---
[07:40:44] Price: $70538.15 | Balance: $4505.77 | Strategy trades: 1/12 | Global trades: 3/40 | Position: short
[07:40:44]   MA20=70600.02 MA50=70616.13 (prev MA20=70604.35 MA50=70617.05)
[07:40:44] No signal.
[07:41:14] --- MA_Crossover | Iteration 26 ---
[07:41:14] Price: $70545.55 | Balance: $4505.67 | Strategy trades: 1/12 | Global trades: 3/40 | Position: short
[07:41:14]   MA20=70596.28 MA50=70615.35 (prev MA20=70600.02 MA50=70616.13)
[07:41:14] No signal.
[07:41:44] --- MA_Crossover | Iteration 27 ---
[07:41:45] Price: $70509.75 | Balance: $4506.17 | Strategy trades: 1/12 | Global trades: 3/40 | Position: short
[07:41:45]   MA20=70596.28 MA50=70615.35 (prev MA20=70600.02 MA50=70616.13)
[07:41:45] No signal.
[07:42:15] --- MA_Crossover | Iteration 28 ---
[07:42:16] Price: $70497.35 | Balance: $4506.34 | Strategy trades: 1/12 | Global trades: 3/40 | Position: short
[07:42:16]   MA20=70590.19 MA50=70612.87 (prev MA20=70596.28 MA50=70615.35)
[07:42:16] No signal.
[07:42:46] --- MA_Crossover | Iteration 29 ---
[07:42:47] Price: $70511.65 | Balance: $4506.21 | Strategy trades: 1/12 | Global trades: 3/40 | Position: short
[07:42:47]   MA20=70590.19 MA50=70612.87 (prev MA20=70596.28 MA50=70615.35)
[07:42:47] No signal.
[07:43:17] --- MA_Crossover | Iteration 30 ---
[07:43:19] Price: $70515.45 | Balance: $4505.99 | Strategy trades: 1/12 | Global trades: 3/40 | Position: short
[07:43:19]   MA20=70587.19 MA50=70611.01 (prev MA20=70590.19 MA50=70612.87)
[07:43:19] No signal.
[07:43:49] --- MA_Crossover | Iteration 31 ---
[07:43:50] Price: $70496.45 | Balance: $4506.31 | Strategy trades: 1/12 | Global trades: 3/40 | Position: short
[07:43:50]   MA20=70587.19 MA50=70611.01 (prev MA20=70590.19 MA50=70612.87)
[07:43:50] No signal.
[07:44:20] --- MA_Crossover | Iteration 32 ---
[07:44:21] Price: $70508.85 | Balance: $4506.21 | Strategy trades: 1/12 | Global trades: 3/40 | Position: short
[07:44:21]   MA20=70584.11 MA50=70608.78 (prev MA20=70587.19 MA50=70611.01)
[07:44:21] No signal.
[07:44:51] --- MA_Crossover | Iteration 33 ---
[07:44:52] Price: $70518.35 | Balance: $4506.05 | Strategy trades: 1/12 | Global trades: 3/40 | Position: short
[07:44:52]   MA20=70584.11 MA50=70608.78 (prev MA20=70587.19 MA50=70611.01)
[07:44:52] No signal.
[07:45:22] --- MA_Crossover | Iteration 34 ---
[07:45:23] Price: $70500.75 | Balance: $4506.30 | Strategy trades: 1/12 | Global trades: 3/40 | Position: short
[07:45:23]   MA20=70582.07 MA50=70607.36 (prev MA20=70584.11 MA50=70608.78)
[07:45:23] No signal.
[07:45:53] --- MA_Crossover | Iteration 35 ---
[07:45:54] Price: $70463.55 | Balance: $4506.71 | Strategy trades: 1/12 | Global trades: 3/40 | Position: short
[07:45:54]   MA20=70582.07 MA50=70607.36 (prev MA20=70584.11 MA50=70608.78)
[07:45:54] No signal.
[07:46:24] --- MA_Crossover | Iteration 36 ---
[07:46:25] Price: $70494.95 | Balance: $4506.38 | Strategy trades: 1/12 | Global trades: 3/40 | Position: short
[07:46:25]   MA20=70576.87 MA50=70604.03 (prev MA20=70582.07 MA50=70607.36)
[07:46:25] No signal.
[07:46:55] --- MA_Crossover | Iteration 37 ---
[07:46:56] Price: $70482.05 | Balance: $4506.50 | Strategy trades: 1/12 | Global trades: 3/40 | Position: short
[07:46:56]   MA20=70576.87 MA50=70604.03 (prev MA20=70582.07 MA50=70607.36)
[07:46:56] No signal.
[07:47:26] --- MA_Crossover | Iteration 38 ---
[07:47:27] Price: $70490.55 | Balance: $4506.44 | Strategy trades: 1/12 | Global trades: 3/40 | Position: short
[07:47:27]   MA20=70571.80 MA50=70600.66 (prev MA20=70576.87 MA50=70604.03)
[07:47:27] No signal.
[07:47:57] --- MA_Crossover | Iteration 39 ---
[07:47:58] Price: $70497.15 | Balance: $4506.35 | Strategy trades: 1/12 | Global trades: 3/40 | Position: short
[07:47:58]   MA20=70571.80 MA50=70600.66 (prev MA20=70576.87 MA50=70604.03)
[07:47:58] No signal.
[07:48:28] --- MA_Crossover | Iteration 40 ---
[07:48:29] Price: $70473.95 | Balance: $4506.63 | Strategy trades: 1/12 | Global trades: 3/40 | Position: short
[07:48:29]   MA20=70565.59 MA50=70598.22 (prev MA20=70571.80 MA50=70600.66)
[07:48:29] No signal.
[07:48:59] --- MA_Crossover | Iteration 41 ---
[07:49:00] Price: $70490.65 | Balance: $4506.41 | Strategy trades: 1/12 | Global trades: 3/40 | Position: short
[07:49:00]   MA20=70565.59 MA50=70598.22 (prev MA20=70571.80 MA50=70600.66)
[07:49:00] No signal.
[07:49:30] --- MA_Crossover | Iteration 42 ---
[07:49:31] Price: $70489.15 | Balance: $4506.40 | Strategy trades: 1/12 | Global trades: 3/40 | Position: short
[07:49:31]   MA20=70558.65 MA50=70596.09 (prev MA20=70565.59 MA50=70598.22)
[07:49:31] No signal.
[07:50:01] --- MA_Crossover | Iteration 43 ---
[07:50:02] Price: $70492.65 | Balance: $4506.36 | Strategy trades: 1/12 | Global trades: 3/40 | Position: short
[07:50:02]   MA20=70550.86 MA50=70594.12 (prev MA20=70558.65 MA50=70596.09)
[07:50:02] No signal.
[07:50:32] --- MA_Crossover | Iteration 44 ---
[07:50:34] Price: $70479.15 | Balance: $4506.55 | Strategy trades: 1/12 | Global trades: 3/40 | Position: short
[07:50:34]   MA20=70550.86 MA50=70594.12 (prev MA20=70558.65 MA50=70596.09)
[07:50:34] No signal.
[07:51:04] --- MA_Crossover | Iteration 45 ---
[07:51:05] Price: $70507.05 | Balance: $4506.16 | Strategy trades: 1/12 | Global trades: 3/40 | Position: short
[07:51:05]   MA20=70543.30 MA50=70592.13 (prev MA20=70550.86 MA50=70594.12)
[07:51:05] No signal.
[07:51:35] --- MA_Crossover | Iteration 46 ---
[07:51:37] Price: $70507.25 | Balance: $4506.19 | Strategy trades: 1/12 | Global trades: 3/40 | Position: short
[07:51:37]   MA20=70543.30 MA50=70592.13 (prev MA20=70550.86 MA50=70594.12)
[07:51:37] No signal.
[07:52:07] --- MA_Crossover | Iteration 47 ---
[07:52:07] Price: $70526.55 | Balance: $4505.85 | Strategy trades: 1/12 | Global trades: 3/40 | Position: short
[07:52:07]   MA20=70535.89 MA50=70590.23 (prev MA20=70543.30 MA50=70592.13)
[07:52:07] No signal.
[07:52:37] --- MA_Crossover | Iteration 48 ---
[07:52:38] Price: $70507.25 | Balance: $4506.19 | Strategy trades: 1/12 | Global trades: 3/40 | Position: short
[07:52:38]   MA20=70535.89 MA50=70590.23 (prev MA20=70543.30 MA50=70592.13)
[07:52:38] No signal.
[07:53:08] --- MA_Crossover | Iteration 49 ---
[07:53:09] Price: $70529.05 | Balance: $4505.90 | Strategy trades: 1/12 | Global trades: 3/40 | Position: short
[07:53:09]   MA20=70528.99 MA50=70588.27 (prev MA20=70535.89 MA50=70590.23)
[07:53:09] No signal.
[07:53:39] --- MA_Crossover | Iteration 50 ---
[07:53:40] Price: $70530.05 | Balance: $4505.79 | Strategy trades: 1/12 | Global trades: 3/40 | Position: short
[07:53:40]   MA20=70528.99 MA50=70588.27 (prev MA20=70535.89 MA50=70590.23)
[07:53:40] No signal.
[07:54:10] --- MA_Crossover | Iteration 51 ---
[07:54:11] Price: $70531.25 | Balance: $4505.87 | Strategy trades: 1/12 | Global trades: 3/40 | Position: short
[07:54:11]   MA20=70523.01 MA50=70586.33 (prev MA20=70528.99 MA50=70588.27)
[07:54:11] No signal.
[07:54:41] --- MA_Crossover | Iteration 52 ---
[07:54:42] Price: $70548.85 | Balance: $4505.62 | Strategy trades: 1/12 | Global trades: 3/40 | Position: short
[07:54:42]   MA20=70523.01 MA50=70586.33 (prev MA20=70528.99 MA50=70588.27)
[07:54:42] No signal.
[07:55:12] --- MA_Crossover | Iteration 53 ---
[07:55:13] Price: $70538.55 | Balance: $4505.89 | Strategy trades: 1/12 | Global trades: 3/40 | Position: short
[07:55:13]   MA20=70515.43 MA50=70583.49 (prev MA20=70523.01 MA50=70586.33)
[07:55:13] No signal.
[07:55:43] --- MA_Crossover | Iteration 54 ---
[07:55:44] Price: $70550.15 | Balance: $4505.57 | Strategy trades: 1/12 | Global trades: 3/40 | Position: short
[07:55:44]   MA20=70515.43 MA50=70583.49 (prev MA20=70523.01 MA50=70586.33)
[07:55:44] No signal.
[07:56:14] --- MA_Crossover | Iteration 55 ---
[07:56:15] Price: $70536.05 | Balance: $4505.80 | Strategy trades: 1/12 | Global trades: 3/40 | Position: short
[07:56:15]   MA20=70514.59 MA50=70583.15 (prev MA20=70515.43 MA50=70583.49)
[07:56:15] No signal.
[07:56:45] --- MA_Crossover | Iteration 56 ---
[07:56:46] Price: $70542.75 | Balance: $4505.71 | Strategy trades: 1/12 | Global trades: 3/40 | Position: short
[07:56:46]   MA20=70514.59 MA50=70583.15 (prev MA20=70515.43 MA50=70583.49)
[07:56:46] No signal.
[07:57:16] --- MA_Crossover | Iteration 57 ---
[07:57:17] Price: $70571.35 | Balance: $4505.31 | Strategy trades: 1/12 | Global trades: 3/40 | Position: short
[07:57:17]   MA20=70515.89 MA50=70582.21 (prev MA20=70514.59 MA50=70583.15)
[07:57:17] No signal.
[07:57:47] --- MA_Crossover | Iteration 58 ---
[07:57:50] Price: $70582.95 | Balance: $4505.16 | Strategy trades: 1/12 | Global trades: 3/40 | Position: short
[07:57:50]   MA20=70515.89 MA50=70582.21 (prev MA20=70514.59 MA50=70583.15)
[07:57:50] No signal.
[07:58:20] --- MA_Crossover | Iteration 59 ---
[07:58:21] Price: $70562.85 | Balance: $4505.40 | Strategy trades: 1/12 | Global trades: 3/40 | Position: short
[07:58:21]   MA20=70518.85 MA50=70582.28 (prev MA20=70515.89 MA50=70582.21)
[07:58:21] No signal.
[07:58:51] --- MA_Crossover | Iteration 60 ---
[07:58:52] Price: $70571.85 | Balance: $4505.28 | Strategy trades: 1/12 | Global trades: 3/40 | Position: short
[07:58:52]   MA20=70518.85 MA50=70582.28 (prev MA20=70515.89 MA50=70582.21)
[07:58:52] No signal.
[07:59:22] --- MA_Crossover | Iteration 61 ---
[07:59:23] Price: $70536.95 | Balance: $4505.79 | Strategy trades: 1/12 | Global trades: 3/40 | Position: short
[07:59:23]   MA20=70520.24 MA50=70581.45 (prev MA20=70518.85 MA50=70582.28)
[07:59:23] No signal.
[07:59:53] --- MA_Crossover | Iteration 62 ---
[07:59:53] Price: $70556.95 | Balance: $4505.50 | Strategy trades: 1/12 | Global trades: 3/40 | Position: short
[07:59:53]   MA20=70520.24 MA50=70581.45 (prev MA20=70518.85 MA50=70582.28)
[07:59:53] No signal.
[08:00:23] --- MA_Crossover | Iteration 63 ---
[08:00:25] Price: $70539.95 | Balance: $4505.68 | Strategy trades: 1/12 | Global trades: 3/40 | Position: short
[08:00:25]   MA20=70521.08 MA50=70579.75 (prev MA20=70520.24 MA50=70581.45)
[08:00:25] No signal.
[08:00:55] --- MA_Crossover | Iteration 64 ---
[08:00:57] Price: $70539.95 | Balance: $4505.71 | Strategy trades: 1/12 | Global trades: 3/40 | Position: short
[08:00:57]   MA20=70521.08 MA50=70579.75 (prev MA20=70520.24 MA50=70581.45)
[08:00:57] No signal.
[08:01:27] --- MA_Crossover | Iteration 65 ---
[08:01:29] Price: $70559.35 | Balance: $4505.45 | Strategy trades: 1/12 | Global trades: 3/40 | Position: short
[08:01:29]   MA20=70520.81 MA50=70577.42 (prev MA20=70521.08 MA50=70579.75)
[08:01:29] No signal.
[08:01:59] --- MA_Crossover | Iteration 66 ---
[08:02:02] Price: $70565.65 | Balance: $4505.42 | Strategy trades: 1/12 | Global trades: 3/40 | Position: short
[08:02:02]   MA20=70524.85 MA50=70575.22 (prev MA20=70520.81 MA50=70577.42)
[08:02:02] No signal.
[08:02:32] --- MA_Crossover | Iteration 67 ---
[08:02:43] Price: $70572.05 | Balance: $4505.21 | Strategy trades: 1/12 | Global trades: 3/40 | Position: short
[08:02:43]   MA20=70524.85 MA50=70575.22 (prev MA20=70520.81 MA50=70577.42)
[08:02:43] No signal.
[08:03:13] --- MA_Crossover | Iteration 68 ---
[08:03:13] Price: $70581.85 | Balance: $4505.14 | Strategy trades: 1/12 | Global trades: 3/40 | Position: short
[08:03:13]   MA20=70526.93 MA50=70573.16 (prev MA20=70524.85 MA50=70575.22)
[08:03:13] No signal.
[08:03:43] --- MA_Crossover | Iteration 69 ---
[08:03:44] Price: $70581.85 | Balance: $4505.12 | Strategy trades: 1/12 | Global trades: 3/40 | Position: short
[08:03:44]   MA20=70526.93 MA50=70573.16 (prev MA20=70524.85 MA50=70575.22)
[08:03:44] No signal.
[08:04:14] --- MA_Crossover | Iteration 70 ---
[08:04:15] Price: $70563.25 | Balance: $4505.38 | Strategy trades: 1/12 | Global trades: 3/40 | Position: short
[08:04:15]   MA20=70531.00 MA50=70570.91 (prev MA20=70526.93 MA50=70573.16)
[08:04:15] No signal.
[08:04:45] --- MA_Crossover | Iteration 71 ---
[08:04:46] Price: $70572.45 | Balance: $4505.17 | Strategy trades: 1/12 | Global trades: 3/40 | Position: short
[08:04:46]   MA20=70531.00 MA50=70570.91 (prev MA20=70526.93 MA50=70573.16)
[08:04:46] No signal.
[08:05:16] --- MA_Crossover | Iteration 72 ---
[08:05:18] Price: $70590.15 | Balance: $4504.99 | Strategy trades: 1/12 | Global trades: 3/40 | Position: short
[08:05:18]   MA20=70534.79 MA50=70569.26 (prev MA20=70531.00 MA50=70570.91)
[08:05:18] No signal.
[08:05:48] --- MA_Crossover | Iteration 73 ---
[08:05:49] Price: $70616.15 | Balance: $4504.68 | Strategy trades: 1/12 | Global trades: 3/40 | Position: short
[08:05:49]   MA20=70534.79 MA50=70569.26 (prev MA20=70531.00 MA50=70570.91)
[08:05:49] No signal.
[08:06:19] --- MA_Crossover | Iteration 74 ---
[08:06:19] Price: $70619.05 | Balance: $4504.60 | Strategy trades: 1/12 | Global trades: 3/40 | Position: short
[08:06:19]   MA20=70541.82 MA50=70568.75 (prev MA20=70534.79 MA50=70569.26)
[08:06:19] No signal.
[08:06:49] --- MA_Crossover | Iteration 75 ---
[08:06:50] Price: $70618.35 | Balance: $4504.60 | Strategy trades: 1/12 | Global trades: 3/40 | Position: short
[08:06:50]   MA20=70541.82 MA50=70568.75 (prev MA20=70534.79 MA50=70569.26)
[08:06:50] No signal.
[08:07:20] --- MA_Crossover | Iteration 76 ---
[08:07:21] Price: $70611.85 | Balance: $4504.68 | Strategy trades: 1/12 | Global trades: 3/40 | Position: short
[08:07:21]   MA20=70548.51 MA50=70568.29 (prev MA20=70541.82 MA50=70568.75)
[08:07:21] No signal.
[08:07:51] --- MA_Crossover | Iteration 77 ---
[08:07:52] Price: $70620.35 | Balance: $4504.58 | Strategy trades: 1/12 | Global trades: 3/40 | Position: short
[08:07:52]   MA20=70548.51 MA50=70568.29 (prev MA20=70541.82 MA50=70568.75)
[08:07:52] No signal.
[08:08:22] --- MA_Crossover | Iteration 78 ---
[08:08:23] Price: $70636.45 | Balance: $4504.34 | Strategy trades: 1/12 | Global trades: 3/40 | Position: short
[08:08:23]   MA20=70554.99 MA50=70567.93 (prev MA20=70548.51 MA50=70568.29)
[08:08:23] No signal.
[08:08:53] --- MA_Crossover | Iteration 79 ---
[08:08:54] Price: $70636.45 | Balance: $4504.36 | Strategy trades: 1/12 | Global trades: 3/40 | Position: short
[08:08:54]   MA20=70554.99 MA50=70567.93 (prev MA20=70548.51 MA50=70568.29)
[08:08:54] No signal.
[08:09:24] --- MA_Crossover | Iteration 80 ---
[08:09:25] Price: $70633.55 | Balance: $4504.40 | Strategy trades: 1/12 | Global trades: 3/40 | Position: short
[08:09:25]   MA20=70562.27 MA50=70567.55 (prev MA20=70554.99 MA50=70567.93)
[08:09:25] No signal.
[08:09:55] --- MA_Crossover | Iteration 81 ---
[08:09:59] Price: $70587.95 | Balance: $4504.90 | Strategy trades: 1/12 | Global trades: 3/40 | Position: short
[08:09:59]   MA20=70562.27 MA50=70567.55 (prev MA20=70554.99 MA50=70567.93)
[08:09:59] No signal.
[08:10:29] --- MA_Crossover | Iteration 82 ---
[08:10:30] Price: $70597.35 | Balance: $4504.90 | Strategy trades: 1/12 | Global trades: 3/40 | Position: short
[08:10:30]   MA20=70566.99 MA50=70566.60 (prev MA20=70562.27 MA50=70567.55)
[08:10:30]   Bullish MA crossover detected!
[08:10:30] Signal: close
[08:10:30] Closing position.
[08:10:30] Trade closed: {'fills': [{'tradeId': 291120898579103744, 'orderId': 291120898579103744, 'side': 'BUY', 'positionSide': 'Short', 'price': 70597.4, 'quantity': 0.007, 'commission': 0.19767272, 'realizedPnl': -0.6782999999999593, 'tradeTime': 1773475830986}], 'order': None, 'totalQuantity': 0.007, 'avgPrice': 70597.4, 'totalCommission': 0.19767272, 'totalRealizedPnl': -0.6782999999999593}
[08:11:01] --- MA_Crossover | Iteration 83 ---
[08:11:01] Price: $70608.05 | Balance: $4998.89 | Strategy trades: 1/12 | Global trades: 3/40 | Position: none
[08:11:01]   MA20=70570.60 MA50=70566.32 (prev MA20=70566.99 MA50=70566.60)
[08:11:01] No signal.
[08:11:31] --- MA_Crossover | Iteration 84 ---
[08:11:32] Price: $70614.55 | Balance: $4998.89 | Strategy trades: 1/12 | Global trades: 3/40 | Position: none
[08:11:32]   MA20=70570.60 MA50=70566.32 (prev MA20=70566.99 MA50=70566.60)
[08:11:32] No signal.
[08:12:02] --- MA_Crossover | Iteration 85 ---
[08:12:03] Price: $70604.55 | Balance: $4998.89 | Strategy trades: 1/12 | Global trades: 3/40 | Position: none
[08:12:03]   MA20=70574.33 MA50=70566.48 (prev MA20=70570.60 MA50=70566.32)
[08:12:03] No signal.
[08:12:33] --- MA_Crossover | Iteration 86 ---
[08:12:34] Price: $70625.85 | Balance: $4998.89 | Strategy trades: 1/12 | Global trades: 3/40 | Position: none
[08:12:34]   MA20=70574.33 MA50=70566.48 (prev MA20=70570.60 MA50=70566.32)
[08:12:34] No signal.
[08:13:04] --- MA_Crossover | Iteration 87 ---
[08:13:05] Price: $70626.75 | Balance: $4998.89 | Strategy trades: 1/12 | Global trades: 3/40 | Position: none
[08:13:05]   MA20=70579.64 MA50=70567.21 (prev MA20=70574.33 MA50=70566.48)
[08:13:05] No signal.
[08:13:35] --- MA_Crossover | Iteration 88 ---
[08:13:36] Price: $70642.75 | Balance: $4998.89 | Strategy trades: 1/12 | Global trades: 3/40 | Position: none
[08:13:36]   MA20=70579.64 MA50=70567.21 (prev MA20=70574.33 MA50=70566.48)
[08:13:36] No signal.
[08:14:06] --- MA_Crossover | Iteration 89 ---
[08:14:07] Price: $70642.75 | Balance: $4998.89 | Strategy trades: 1/12 | Global trades: 3/40 | Position: none
[08:14:07]   MA20=70585.26 MA50=70568.98 (prev MA20=70579.64 MA50=70567.21)
[08:14:07] No signal.
[08:14:37] --- MA_Crossover | Iteration 90 ---
[08:14:37] Price: $70659.35 | Balance: $4998.89 | Strategy trades: 1/12 | Global trades: 3/40 | Position: none
[08:14:37]   MA20=70585.26 MA50=70568.98 (prev MA20=70579.64 MA50=70567.21)
[08:14:37] No signal.
[08:15:07] --- MA_Crossover | Iteration 91 ---
[08:15:08] Price: $70667.85 | Balance: $4998.89 | Strategy trades: 1/12 | Global trades: 3/40 | Position: none
[08:15:08]   MA20=70594.31 MA50=70571.22 (prev MA20=70585.26 MA50=70568.98)
[08:15:08] No signal.
[08:15:38] --- MA_Crossover | Iteration 92 ---
[08:15:39] Price: $70661.95 | Balance: $4998.89 | Strategy trades: 1/12 | Global trades: 3/40 | Position: none
[08:15:39]   MA20=70594.31 MA50=70571.22 (prev MA20=70585.26 MA50=70568.98)
[08:15:39] No signal.
[08:16:09] --- MA_Crossover | Iteration 93 ---
[08:16:10] Price: $70628.65 | Balance: $4998.89 | Strategy trades: 1/12 | Global trades: 3/40 | Position: none
[08:16:10]   MA20=70597.68 MA50=70572.44 (prev MA20=70594.31 MA50=70571.22)
[08:16:10] No signal.
[08:16:40] --- MA_Crossover | Iteration 94 ---
[08:16:40] Price: $70627.15 | Balance: $4998.89 | Strategy trades: 1/12 | Global trades: 3/40 | Position: none
[08:16:40]   MA20=70597.68 MA50=70572.44 (prev MA20=70594.31 MA50=70571.22)
[08:16:40] No signal.
[08:17:10] --- MA_Crossover | Iteration 95 ---
[08:17:12] Price: $70629.65 | Balance: $4998.89 | Strategy trades: 1/12 | Global trades: 3/40 | Position: none
[08:17:12]   MA20=70601.24 MA50=70573.27 (prev MA20=70597.68 MA50=70572.44)
[08:17:12] No signal.
[08:17:42] --- MA_Crossover | Iteration 96 ---
[08:17:43] Price: $70604.95 | Balance: $4998.89 | Strategy trades: 1/12 | Global trades: 3/40 | Position: none
[08:17:43]   MA20=70601.24 MA50=70573.27 (prev MA20=70597.68 MA50=70572.44)
[08:17:43] No signal.
[08:18:13] --- MA_Crossover | Iteration 97 ---
[08:18:15] Price: $70594.55 | Balance: $4998.89 | Strategy trades: 1/12 | Global trades: 3/40 | Position: none
[08:18:15]   MA20=70601.90 MA50=70572.84 (prev MA20=70601.24 MA50=70573.27)
[08:18:15] No signal.
[08:18:45] --- MA_Crossover | Iteration 98 ---
[08:18:46] Price: $70578.45 | Balance: $4998.89 | Strategy trades: 1/12 | Global trades: 3/40 | Position: none
[08:18:46]   MA20=70601.90 MA50=70572.84 (prev MA20=70601.24 MA50=70573.27)
[08:18:46] No signal.
[08:19:16] --- MA_Crossover | Iteration 99 ---
[08:19:17] Price: $70584.85 | Balance: $4998.89 | Strategy trades: 1/12 | Global trades: 3/40 | Position: none
[08:19:17]   MA20=70603.24 MA50=70571.96 (prev MA20=70601.90 MA50=70572.84)
[08:19:17] No signal.
[08:19:47] --- MA_Crossover | Iteration 100 ---
[08:19:48] Price: $70565.45 | Balance: $4998.89 | Strategy trades: 1/12 | Global trades: 3/40 | Position: none
[08:19:48]   MA20=70603.24 MA50=70571.96 (prev MA20=70601.90 MA50=70572.84)
[08:19:48] No signal.
[08:20:18] --- MA_Crossover | Iteration 101 ---
[08:20:18] Price: $70570.25 | Balance: $4998.89 | Strategy trades: 1/12 | Global trades: 3/40 | Position: none
[08:20:18]   MA20=70603.74 MA50=70570.47 (prev MA20=70603.24 MA50=70571.96)
[08:20:18] No signal.
[08:20:48] --- MA_Crossover | Iteration 102 ---
[08:20:49] Price: $70573.95 | Balance: $4998.89 | Strategy trades: 1/12 | Global trades: 3/40 | Position: none
[08:20:49]   MA20=70603.74 MA50=70570.47 (prev MA20=70603.24 MA50=70571.96)
[08:20:49] No signal.
[08:21:19] --- MA_Crossover | Iteration 103 ---
[08:21:20] Price: $70587.25 | Balance: $4998.89 | Strategy trades: 1/12 | Global trades: 3/40 | Position: none
[08:21:20]   MA20=70605.30 MA50=70568.20 (prev MA20=70603.74 MA50=70570.47)
[08:21:20] No signal.
[08:21:50] --- MA_Crossover | Iteration 104 ---
[08:21:51] Price: $70597.95 | Balance: $4998.89 | Strategy trades: 1/12 | Global trades: 3/40 | Position: none
[08:21:51]   MA20=70605.30 MA50=70568.20 (prev MA20=70603.74 MA50=70570.47)
[08:21:51] No signal.
[08:22:21] --- MA_Crossover | Iteration 105 ---
[08:22:22] Price: $70627.15 | Balance: $4998.89 | Strategy trades: 1/12 | Global trades: 3/40 | Position: none
[08:22:22]   MA20=70607.01 MA50=70566.44 (prev MA20=70605.30 MA50=70568.20)
[08:22:22] No signal.
[08:22:52] --- MA_Crossover | Iteration 106 ---
[08:22:52] Price: $70619.75 | Balance: $4998.89 | Strategy trades: 1/12 | Global trades: 3/40 | Position: none
[08:22:52]   MA20=70607.01 MA50=70566.44 (prev MA20=70605.30 MA50=70568.20)
[08:22:52] No signal.
[08:23:22] --- MA_Crossover | Iteration 107 ---
[08:23:23] Price: $70634.25 | Balance: $4998.89 | Strategy trades: 1/12 | Global trades: 3/40 | Position: none
[08:23:23]   MA20=70609.39 MA50=70565.65 (prev MA20=70607.01 MA50=70566.44)
[08:23:23] No signal.
[08:23:53] --- MA_Crossover | Iteration 108 ---
[08:23:54] Price: $70641.55 | Balance: $4998.89 | Strategy trades: 1/12 | Global trades: 3/40 | Position: none
[08:23:54]   MA20=70609.39 MA50=70565.65 (prev MA20=70607.01 MA50=70566.44)
[08:23:54] No signal.
[08:24:24] --- MA_Crossover | Iteration 109 ---
[08:24:28] Price: $70649.95 | Balance: $4998.89 | Strategy trades: 1/12 | Global trades: 3/40 | Position: none
[08:24:28]   MA20=70612.76 MA50=70565.48 (prev MA20=70609.39 MA50=70565.65)
[08:24:28] No signal.
[08:24:58] --- MA_Crossover | Iteration 110 ---
[08:25:00] Price: $70632.15 | Balance: $4998.89 | Strategy trades: 1/12 | Global trades: 3/40 | Position: none
[08:25:00]   MA20=70612.76 MA50=70565.48 (prev MA20=70609.39 MA50=70565.65)
[08:25:00] No signal.
[08:25:30] --- MA_Crossover | Iteration 111 ---
[08:25:30] Price: $70626.05 | Balance: $4998.89 | Strategy trades: 1/12 | Global trades: 3/40 | Position: none
[08:25:30]   MA20=70615.12 MA50=70565.47 (prev MA20=70612.76 MA50=70565.48)
[08:25:30] No signal.
[08:26:00] --- MA_Crossover | Iteration 112 ---
[08:26:01] Price: $70626.05 | Balance: $4998.89 | Strategy trades: 1/12 | Global trades: 3/40 | Position: none
[08:26:01]   MA20=70616.22 MA50=70566.43 (prev MA20=70615.12 MA50=70565.47)
[08:26:01] No signal.
[08:26:31] --- MA_Crossover | Iteration 113 ---
[08:26:32] Price: $70638.35 | Balance: $4998.89 | Strategy trades: 1/12 | Global trades: 3/40 | Position: none
[08:26:32]   MA20=70616.22 MA50=70566.43 (prev MA20=70615.12 MA50=70565.47)
[08:26:32] No signal.
[08:27:02] --- MA_Crossover | Iteration 114 ---
[08:27:03] Price: $70638.35 | Balance: $4998.89 | Strategy trades: 1/12 | Global trades: 3/40 | Position: none
[08:27:03]   MA20=70617.34 MA50=70568.64 (prev MA20=70616.22 MA50=70566.43)
[08:27:03] No signal.
[08:27:33] --- MA_Crossover | Iteration 115 ---
[08:27:33] Price: $70639.65 | Balance: $4998.89 | Strategy trades: 1/12 | Global trades: 3/40 | Position: none
[08:27:33]   MA20=70617.34 MA50=70568.64 (prev MA20=70616.22 MA50=70566.43)
[08:27:33] No signal.
[08:28:03] --- MA_Crossover | Iteration 116 ---
[08:28:04] Price: $70637.85 | Balance: $4998.89 | Strategy trades: 1/12 | Global trades: 3/40 | Position: none
[08:28:04]   MA20=70617.91 MA50=70570.85 (prev MA20=70617.34 MA50=70568.64)
[08:28:04] No signal.
[08:28:05] Strategy MA_Crossover finished.
[08:28:05] 
==================================================
  Strategy: MA_Crossover
  Trades opened: 1
  Trades closed: 1
  Wins: 1 | Losses: 0 | Win Rate: 100.0%
  Total PnL: $0.00
  Start balance: $5000.00
  End balance: $4998.89
==================================================


>>> Strategy 2/3: RSI_MeanReversion starting at 2026-03-14 08:28:05 UTC
[08:28:05] ==================================================
[08:28:05] Starting strategy: RSI_MeanReversion
[08:28:05] ==================================================
[08:28:05] --- RSI_MeanReversion | Iteration 1 ---
[08:28:05] Price: $70637.85 | Balance: $4998.89 | Strategy trades: 0/12 | Global trades: 3/40 | Position: none
[08:28:05]   RSI=57.57 (prev=57.68)
[08:28:05] No signal.
[08:28:35] --- RSI_MeanReversion | Iteration 2 ---
[08:28:36] Price: $70623.75 | Balance: $4998.89 | Strategy trades: 0/12 | Global trades: 3/40 | Position: none
[08:28:36]   RSI=57.57 (prev=57.68)
[08:28:36] No signal.
[08:29:06] --- RSI_MeanReversion | Iteration 3 ---
[08:29:07] Price: $70631.25 | Balance: $4998.89 | Strategy trades: 0/12 | Global trades: 3/40 | Position: none
[08:29:07]   RSI=53.78 (prev=57.58)
[08:29:07] No signal.
[08:29:37] --- RSI_MeanReversion | Iteration 4 ---
[08:29:38] Price: $70645.25 | Balance: $4998.89 | Strategy trades: 0/12 | Global trades: 3/40 | Position: none
[08:29:38]   RSI=53.78 (prev=57.58)
[08:29:38] No signal.
[08:30:08] --- RSI_MeanReversion | Iteration 5 ---
[08:30:09] Price: $70630.05 | Balance: $4998.89 | Strategy trades: 0/12 | Global trades: 3/40 | Position: none
[08:30:09]   RSI=56.62 (prev=53.77)
[08:30:09] No signal.
[08:30:39] --- RSI_MeanReversion | Iteration 6 ---
[08:30:39] Price: $70644.15 | Balance: $4998.89 | Strategy trades: 0/12 | Global trades: 3/40 | Position: none
[08:30:39]   RSI=56.62 (prev=53.77)
[08:30:39] No signal.
[08:31:09] --- RSI_MeanReversion | Iteration 7 ---
[08:31:10] Price: $70632.85 | Balance: $4998.89 | Strategy trades: 0/12 | Global trades: 3/40 | Position: none
[08:31:10]   RSI=57.09 (prev=56.62)
[08:31:10] No signal.
[08:31:40] --- RSI_MeanReversion | Iteration 8 ---
[08:31:41] Price: $70609.95 | Balance: $4998.89 | Strategy trades: 0/12 | Global trades: 3/40 | Position: none
[08:31:41]   RSI=57.09 (prev=56.62)
[08:31:41] No signal.
[08:32:11] --- RSI_MeanReversion | Iteration 9 ---
[08:32:13] Price: $70609.45 | Balance: $4998.89 | Strategy trades: 0/12 | Global trades: 3/40 | Position: none
[08:32:13]   RSI=50.12 (prev=57.10)
[08:32:13] No signal.
[08:32:43] --- RSI_MeanReversion | Iteration 10 ---
[08:32:44] Price: $70618.25 | Balance: $4998.89 | Strategy trades: 0/12 | Global trades: 3/40 | Position: none
[08:32:44]   RSI=50.12 (prev=57.10)
[08:32:44] No signal.
[08:33:14] --- RSI_MeanReversion | Iteration 11 ---
[08:33:14] Price: $70607.25 | Balance: $4998.89 | Strategy trades: 0/12 | Global trades: 3/40 | Position: none
[08:33:14]   RSI=50.03 (prev=50.13)
[08:33:14] No signal.
[08:33:44] --- RSI_MeanReversion | Iteration 12 ---
[08:33:45] Price: $70608.75 | Balance: $4998.89 | Strategy trades: 0/12 | Global trades: 3/40 | Position: none
[08:33:45]   RSI=50.03 (prev=50.13)
[08:33:45] No signal.
[08:34:15] --- RSI_MeanReversion | Iteration 13 ---
[08:34:16] Price: $70626.85 | Balance: $4998.89 | Strategy trades: 0/12 | Global trades: 3/40 | Position: none
[08:34:16]   RSI=51.37 (prev=50.02)
[08:34:16] No signal.
[08:34:46] --- RSI_MeanReversion | Iteration 14 ---
[08:34:47] Price: $70629.15 | Balance: $4998.89 | Strategy trades: 0/12 | Global trades: 3/40 | Position: none
[08:34:47]   RSI=51.37 (prev=50.02)
[08:34:47] No signal.
[08:35:17] --- RSI_MeanReversion | Iteration 15 ---
[08:35:17] Price: $70637.75 | Balance: $4998.89 | Strategy trades: 0/12 | Global trades: 3/40 | Position: none
[08:35:17]   RSI=57.62 (prev=51.36)
[08:35:17] No signal.
[08:35:47] --- RSI_MeanReversion | Iteration 16 ---
[08:35:48] Price: $70619.45 | Balance: $4998.89 | Strategy trades: 0/12 | Global trades: 3/40 | Position: none
[08:35:48]   RSI=57.62 (prev=51.36)
[08:35:48] No signal.
[08:36:18] --- RSI_MeanReversion | Iteration 17 ---
[08:36:19] Price: $70610.55 | Balance: $4998.89 | Strategy trades: 0/12 | Global trades: 3/40 | Position: none
[08:36:19]   RSI=50.28 (prev=57.62)
[08:36:19] No signal.
[08:36:49] --- RSI_MeanReversion | Iteration 18 ---
[08:36:50] Price: $70606.15 | Balance: $4998.89 | Strategy trades: 0/12 | Global trades: 3/40 | Position: none
[08:36:50]   RSI=50.28 (prev=57.62)
[08:36:50] No signal.
[08:37:20] --- RSI_MeanReversion | Iteration 19 ---
[08:37:21] Price: $70601.45 | Balance: $4998.89 | Strategy trades: 0/12 | Global trades: 3/40 | Position: none
[08:37:21]   RSI=46.07 (prev=50.29)
[08:37:21] No signal.
[08:37:51] --- RSI_MeanReversion | Iteration 20 ---
[08:37:52] Price: $70568.75 | Balance: $4998.89 | Strategy trades: 0/12 | Global trades: 3/40 | Position: none
[08:37:52]   RSI=46.07 (prev=50.29)
[08:37:52] No signal.
[08:38:22] --- RSI_MeanReversion | Iteration 21 ---
[08:38:22] Price: $70558.85 | Balance: $4998.89 | Strategy trades: 0/12 | Global trades: 3/40 | Position: none
[08:38:22]   RSI=40.72 (prev=46.07)
[08:38:22] No signal.
[08:38:52] --- RSI_MeanReversion | Iteration 22 ---
[08:38:54] Price: $70580.05 | Balance: $4998.89 | Strategy trades: 0/12 | Global trades: 3/40 | Position: none
[08:38:54]   RSI=40.72 (prev=46.07)
[08:38:54] No signal.
[08:39:24] --- RSI_MeanReversion | Iteration 23 ---
[08:39:24] Price: $70587.05 | Balance: $4998.89 | Strategy trades: 0/12 | Global trades: 3/40 | Position: none
[08:39:24]   RSI=42.37 (prev=40.71)
[08:39:24] No signal.
[08:39:54] --- RSI_MeanReversion | Iteration 24 ---
[08:39:55] Price: $70574.25 | Balance: $4998.89 | Strategy trades: 0/12 | Global trades: 3/40 | Position: none
[08:39:55]   RSI=42.37 (prev=40.71)
[08:39:55] No signal.
[08:40:25] --- RSI_MeanReversion | Iteration 25 ---
[08:40:26] Price: $70550.45 | Balance: $4998.89 | Strategy trades: 0/12 | Global trades: 3/40 | Position: none
[08:40:26]   RSI=41.63 (prev=42.37)
[08:40:26] No signal.
[08:40:56] --- RSI_MeanReversion | Iteration 26 ---
[08:40:57] Price: $70535.05 | Balance: $4998.89 | Strategy trades: 0/12 | Global trades: 3/40 | Position: none
[08:40:57]   RSI=41.63 (prev=42.37)
[08:40:57] No signal.
[08:41:27] --- RSI_MeanReversion | Iteration 27 ---
[08:41:27] Price: $70565.35 | Balance: $4998.89 | Strategy trades: 0/12 | Global trades: 3/40 | Position: none
[08:41:27]   RSI=34.55 (prev=41.64)
[08:41:27] No signal.
[08:41:57] --- RSI_MeanReversion | Iteration 28 ---
[08:41:58] Price: $70555.75 | Balance: $4998.89 | Strategy trades: 0/12 | Global trades: 3/40 | Position: none
[08:41:58]   RSI=34.55 (prev=41.64)
[08:41:58] No signal.
[08:42:28] --- RSI_MeanReversion | Iteration 29 ---
[08:42:29] Price: $70550.95 | Balance: $4998.89 | Strategy trades: 0/12 | Global trades: 3/40 | Position: none
[08:42:29]   RSI=40.32 (prev=34.55)
[08:42:29] No signal.
[08:42:59] --- RSI_MeanReversion | Iteration 30 ---
[08:43:00] Price: $70534.35 | Balance: $4998.89 | Strategy trades: 0/12 | Global trades: 3/40 | Position: none
[08:43:00]   RSI=40.32 (prev=34.55)
[08:43:00] No signal.
[08:43:30] --- RSI_MeanReversion | Iteration 31 ---
[08:43:31] Price: $70534.25 | Balance: $4998.89 | Strategy trades: 0/12 | Global trades: 3/40 | Position: none
[08:43:31]   RSI=36.72 (prev=40.32)
[08:43:31] No signal.
[08:44:01] --- RSI_MeanReversion | Iteration 32 ---
[08:44:01] Price: $70530.65 | Balance: $4998.89 | Strategy trades: 0/12 | Global trades: 3/40 | Position: none
[08:44:01]   RSI=36.71 (prev=36.72)
[08:44:01] No signal.
[08:44:31] --- RSI_MeanReversion | Iteration 33 ---
[08:44:32] Price: $70525.05 | Balance: $4998.89 | Strategy trades: 0/12 | Global trades: 3/40 | Position: none
[08:44:32]   RSI=36.71 (prev=36.72)
[08:44:32] No signal.
[08:45:02] --- RSI_MeanReversion | Iteration 34 ---
[08:45:03] Price: $70529.35 | Balance: $4998.89 | Strategy trades: 0/12 | Global trades: 3/40 | Position: none
[08:45:03]   RSI=34.25 (prev=36.70)
[08:45:03] No signal.
[08:45:33] --- RSI_MeanReversion | Iteration 35 ---
[08:45:34] Price: $70529.35 | Balance: $4998.89 | Strategy trades: 0/12 | Global trades: 3/40 | Position: none
[08:45:34]   RSI=34.25 (prev=36.70)
[08:45:34] No signal.
[08:46:04] --- RSI_MeanReversion | Iteration 36 ---
[08:46:05] Price: $70544.75 | Balance: $4998.89 | Strategy trades: 0/12 | Global trades: 3/40 | Position: none
[08:46:05]   RSI=38.95 (prev=34.25)
[08:46:05] No signal.
[08:46:35] --- RSI_MeanReversion | Iteration 37 ---
[08:46:36] Price: $70549.95 | Balance: $4998.89 | Strategy trades: 0/12 | Global trades: 3/40 | Position: none
[08:46:36]   RSI=38.95 (prev=34.25)
[08:46:36] No signal.
[08:47:06] --- RSI_MeanReversion | Iteration 38 ---
[08:47:07] Price: $70554.75 | Balance: $4998.89 | Strategy trades: 0/12 | Global trades: 3/40 | Position: none
[08:47:07]   RSI=45.83 (prev=38.94)
[08:47:07] No signal.
[08:47:37] --- RSI_MeanReversion | Iteration 39 ---
[08:47:37] Price: $70529.05 | Balance: $4998.89 | Strategy trades: 0/12 | Global trades: 3/40 | Position: none
[08:47:37]   RSI=45.83 (prev=38.94)
[08:47:37] No signal.
[08:48:07] --- RSI_MeanReversion | Iteration 40 ---
[08:48:08] Price: $70532.35 | Balance: $4998.89 | Strategy trades: 0/12 | Global trades: 3/40 | Position: none
[08:48:08]   RSI=40.39 (prev=45.82)
[08:48:08] No signal.
[08:48:38] --- RSI_MeanReversion | Iteration 41 ---
[08:48:39] Price: $70530.05 | Balance: $4998.89 | Strategy trades: 0/12 | Global trades: 3/40 | Position: none
[08:48:39]   RSI=40.39 (prev=45.82)
[08:48:39] No signal.
[08:49:09] --- RSI_MeanReversion | Iteration 42 ---
[08:49:10] Price: $70525.85 | Balance: $4998.89 | Strategy trades: 0/12 | Global trades: 3/40 | Position: none
[08:49:10]   RSI=39.24 (prev=40.39)
[08:49:10] No signal.
[08:49:40] --- RSI_MeanReversion | Iteration 43 ---
[08:49:41] Price: $70532.15 | Balance: $4998.89 | Strategy trades: 0/12 | Global trades: 3/40 | Position: none
[08:49:41]   RSI=39.24 (prev=40.39)
[08:49:41] No signal.
[08:50:11] --- RSI_MeanReversion | Iteration 44 ---
[08:50:11] Price: $70517.75 | Balance: $4998.89 | Strategy trades: 0/12 | Global trades: 3/40 | Position: none
[08:50:11]   RSI=37.21 (prev=39.24)
[08:50:11] No signal.
[08:50:41] --- RSI_MeanReversion | Iteration 45 ---
[08:50:42] Price: $70503.95 | Balance: $4998.89 | Strategy trades: 0/12 | Global trades: 3/40 | Position: none
[08:50:42]   RSI=37.21 (prev=39.24)
[08:50:42] No signal.
[08:51:12] --- RSI_MeanReversion | Iteration 46 ---
[08:51:13] Price: $70507.55 | Balance: $4998.89 | Strategy trades: 0/12 | Global trades: 3/40 | Position: none
[08:51:13]   RSI=34.89 (prev=37.21)
[08:51:13] No signal.
[08:51:43] --- RSI_MeanReversion | Iteration 47 ---
[08:51:44] Price: $70503.25 | Balance: $4998.89 | Strategy trades: 0/12 | Global trades: 3/40 | Position: none
[08:51:44]   RSI=34.89 (prev=37.21)
[08:51:44] No signal.
[08:52:14] --- RSI_MeanReversion | Iteration 48 ---
[08:52:15] Price: $70523.65 | Balance: $4998.89 | Strategy trades: 0/12 | Global trades: 3/40 | Position: none
[08:52:15]   RSI=43.01 (prev=34.88)
[08:52:15] No signal.
[08:52:45] --- RSI_MeanReversion | Iteration 49 ---
[08:52:46] Price: $70522.45 | Balance: $4998.89 | Strategy trades: 0/12 | Global trades: 3/40 | Position: none
[08:52:46]   RSI=43.01 (prev=34.88)
[08:52:46] No signal.
[08:53:16] --- RSI_MeanReversion | Iteration 50 ---
[08:53:17] Price: $70529.95 | Balance: $4998.89 | Strategy trades: 0/12 | Global trades: 3/40 | Position: none
[08:53:17]   RSI=40.90 (prev=43.01)
[08:53:17] No signal.
[08:53:47] --- RSI_MeanReversion | Iteration 51 ---
[08:53:48] Price: $70537.15 | Balance: $4998.89 | Strategy trades: 0/12 | Global trades: 3/40 | Position: none
[08:53:48]   RSI=40.90 (prev=43.01)
[08:53:48] No signal.
[08:54:18] --- RSI_MeanReversion | Iteration 52 ---
[08:54:19] Price: $70553.15 | Balance: $4998.89 | Strategy trades: 0/12 | Global trades: 3/40 | Position: none
[08:54:19]   RSI=45.65 (prev=40.90)
[08:54:19] No signal.
